ERROR:kafka.conn:DNS lookup failed for kafka:9093 (AddressFamily.AF_UNSPEC)
ERROR:kafka.conn:DNS lookup failed for kafka:9093 (AddressFamily.AF_UNSPEC)
ERROR:werkzeug:Error on request:
Traceback (most recent call last):
  File "C:\Users\eyyup\AppData\Local\Programs\Python\Python37\lib\site-packages\werkzeug\serving.py", line 323, in run_wsgi
    execute(self.server.app)
  File "C:\Users\eyyup\AppData\Local\Programs\Python\Python37\lib\site-packages\werkzeug\serving.py", line 312, in execute
    application_iter = app(environ, start_response)
  File "C:\Users\eyyup\AppData\Local\Programs\Python\Python37\lib\site-packages\flask\app.py", line 2464, in __call__
    return self.wsgi_app(environ, start_response)
  File "C:\Users\eyyup\Desktop\kartaca-project\rest\DelayMiddleware.py", line 78, in __call__
    self.executor.submit(logger,formatted)
  File "C:\Users\eyyup\AppData\Local\Programs\Python\Python37\lib\site-packages\flask_executor\executor.py", line 150, in submit
    fn = self._prepare_fn(fn)
  File "C:\Users\eyyup\AppData\Local\Programs\Python\Python37\lib\site-packages\flask_executor\executor.py", line 113, in _prepare_fn
    fn = copy_current_request_context(fn)
  File "C:\Users\eyyup\AppData\Local\Programs\Python\Python37\lib\site-packages\flask\ctx.py", line 150, in copy_current_request_context
    "This decorator can only be used at local scopes "
RuntimeError: This decorator can only be used at local scopes when a request context is on the stack.  For instance within view functions.
ERROR:werkzeug:Error on request:
Traceback (most recent call last):
  File "C:\Users\eyyup\AppData\Local\Programs\Python\Python37\lib\site-packages\werkzeug\serving.py", line 323, in run_wsgi
    execute(self.server.app)
  File "C:\Users\eyyup\AppData\Local\Programs\Python\Python37\lib\site-packages\werkzeug\serving.py", line 312, in execute
    application_iter = app(environ, start_response)
  File "C:\Users\eyyup\AppData\Local\Programs\Python\Python37\lib\site-packages\flask\app.py", line 2464, in __call__
    return self.wsgi_app(environ, start_response)
  File "C:\Users\eyyup\Desktop\kartaca-project\rest\DelayMiddleware.py", line 78, in __call__
    self.executor.submit(logger,formatted)
  File "C:\Users\eyyup\AppData\Local\Programs\Python\Python37\lib\site-packages\flask_executor\executor.py", line 150, in submit
    fn = self._prepare_fn(fn)
  File "C:\Users\eyyup\AppData\Local\Programs\Python\Python37\lib\site-packages\flask_executor\executor.py", line 113, in _prepare_fn
    fn = copy_current_request_context(fn)
  File "C:\Users\eyyup\AppData\Local\Programs\Python\Python37\lib\site-packages\flask\ctx.py", line 150, in copy_current_request_context
    "This decorator can only be used at local scopes "
RuntimeError: This decorator can only be used at local scopes when a request context is on the stack.  For instance within view functions.
ERROR:werkzeug:Error on request:
Traceback (most recent call last):
  File "C:\Users\eyyup\AppData\Local\Programs\Python\Python37\lib\site-packages\werkzeug\serving.py", line 323, in run_wsgi
    execute(self.server.app)
  File "C:\Users\eyyup\AppData\Local\Programs\Python\Python37\lib\site-packages\werkzeug\serving.py", line 312, in execute
    application_iter = app(environ, start_response)
  File "C:\Users\eyyup\AppData\Local\Programs\Python\Python37\lib\site-packages\flask\app.py", line 2464, in __call__
    return self.wsgi_app(environ, start_response)
  File "C:\Users\eyyup\Desktop\kartaca-project\rest\DelayMiddleware.py", line 79, in __call__
    self.executor.submit(logger,formatted)
  File "C:\Users\eyyup\AppData\Local\Programs\Python\Python37\lib\site-packages\flask_executor\executor.py", line 150, in submit
    fn = self._prepare_fn(fn)
  File "C:\Users\eyyup\AppData\Local\Programs\Python\Python37\lib\site-packages\flask_executor\executor.py", line 113, in _prepare_fn
    fn = copy_current_request_context(fn)
  File "C:\Users\eyyup\AppData\Local\Programs\Python\Python37\lib\site-packages\flask\ctx.py", line 150, in copy_current_request_context
    "This decorator can only be used at local scopes "
RuntimeError: This decorator can only be used at local scopes when a request context is on the stack.  For instance within view functions.
ERROR:werkzeug:Error on request:
Traceback (most recent call last):
  File "C:\Users\eyyup\AppData\Local\Programs\Python\Python37\lib\site-packages\werkzeug\serving.py", line 323, in run_wsgi
    execute(self.server.app)
  File "C:\Users\eyyup\AppData\Local\Programs\Python\Python37\lib\site-packages\werkzeug\serving.py", line 312, in execute
    application_iter = app(environ, start_response)
  File "C:\Users\eyyup\AppData\Local\Programs\Python\Python37\lib\site-packages\flask\app.py", line 2464, in __call__
    return self.wsgi_app(environ, start_response)
  File "C:\Users\eyyup\Desktop\kartaca-project\rest\DelayMiddleware.py", line 79, in __call__
    self.executor.submit(logger,formatted)
  File "C:\Users\eyyup\AppData\Local\Programs\Python\Python37\lib\site-packages\flask_executor\executor.py", line 150, in submit
    fn = self._prepare_fn(fn)
  File "C:\Users\eyyup\AppData\Local\Programs\Python\Python37\lib\site-packages\flask_executor\executor.py", line 113, in _prepare_fn
    fn = copy_current_request_context(fn)
  File "C:\Users\eyyup\AppData\Local\Programs\Python\Python37\lib\site-packages\flask\ctx.py", line 150, in copy_current_request_context
    "This decorator can only be used at local scopes "
RuntimeError: This decorator can only be used at local scopes when a request context is on the stack.  For instance within view functions.
ERROR:werkzeug:Error on request:
Traceback (most recent call last):
  File "C:\Users\eyyup\AppData\Local\Programs\Python\Python37\lib\site-packages\werkzeug\serving.py", line 323, in run_wsgi
    execute(self.server.app)
  File "C:\Users\eyyup\AppData\Local\Programs\Python\Python37\lib\site-packages\werkzeug\serving.py", line 312, in execute
    application_iter = app(environ, start_response)
  File "C:\Users\eyyup\AppData\Local\Programs\Python\Python37\lib\site-packages\flask\app.py", line 2464, in __call__
    return self.wsgi_app(environ, start_response)
  File "C:\Users\eyyup\Desktop\kartaca-project\rest\DelayMiddleware.py", line 79, in __call__
    self.executor.submit(logger,formatted)
  File "C:\Users\eyyup\AppData\Local\Programs\Python\Python37\lib\site-packages\flask_executor\executor.py", line 150, in submit
    fn = self._prepare_fn(fn)
  File "C:\Users\eyyup\AppData\Local\Programs\Python\Python37\lib\site-packages\flask_executor\executor.py", line 113, in _prepare_fn
    fn = copy_current_request_context(fn)
  File "C:\Users\eyyup\AppData\Local\Programs\Python\Python37\lib\site-packages\flask\ctx.py", line 150, in copy_current_request_context
    "This decorator can only be used at local scopes "
RuntimeError: This decorator can only be used at local scopes when a request context is on the stack.  For instance within view functions.
ERROR:werkzeug:Error on request:
Traceback (most recent call last):
  File "C:\Users\eyyup\AppData\Local\Programs\Python\Python37\lib\site-packages\werkzeug\serving.py", line 323, in run_wsgi
    execute(self.server.app)
  File "C:\Users\eyyup\AppData\Local\Programs\Python\Python37\lib\site-packages\werkzeug\serving.py", line 312, in execute
    application_iter = app(environ, start_response)
  File "C:\Users\eyyup\AppData\Local\Programs\Python\Python37\lib\site-packages\flask\app.py", line 2464, in __call__
    return self.wsgi_app(environ, start_response)
  File "C:\Users\eyyup\Desktop\kartaca-project\rest\DelayMiddleware.py", line 79, in __call__
    self.executor.submit(logger,formatted)
  File "C:\Users\eyyup\AppData\Local\Programs\Python\Python37\lib\site-packages\flask_executor\executor.py", line 150, in submit
    fn = self._prepare_fn(fn)
  File "C:\Users\eyyup\AppData\Local\Programs\Python\Python37\lib\site-packages\flask_executor\executor.py", line 113, in _prepare_fn
    fn = copy_current_request_context(fn)
  File "C:\Users\eyyup\AppData\Local\Programs\Python\Python37\lib\site-packages\flask\ctx.py", line 150, in copy_current_request_context
    "This decorator can only be used at local scopes "
RuntimeError: This decorator can only be used at local scopes when a request context is on the stack.  For instance within view functions.
ERROR:werkzeug:Error on request:
Traceback (most recent call last):
  File "C:\Users\eyyup\AppData\Local\Programs\Python\Python37\lib\site-packages\werkzeug\serving.py", line 323, in run_wsgi
    execute(self.server.app)
  File "C:\Users\eyyup\AppData\Local\Programs\Python\Python37\lib\site-packages\werkzeug\serving.py", line 312, in execute
    application_iter = app(environ, start_response)
  File "C:\Users\eyyup\AppData\Local\Programs\Python\Python37\lib\site-packages\flask\app.py", line 2464, in __call__
    return self.wsgi_app(environ, start_response)
  File "C:\Users\eyyup\Desktop\kartaca-project\rest\DelayMiddleware.py", line 79, in __call__
    self.executor.submit(logger,formatted)
  File "C:\Users\eyyup\AppData\Local\Programs\Python\Python37\lib\site-packages\flask_executor\executor.py", line 150, in submit
    fn = self._prepare_fn(fn)
  File "C:\Users\eyyup\AppData\Local\Programs\Python\Python37\lib\site-packages\flask_executor\executor.py", line 113, in _prepare_fn
    fn = copy_current_request_context(fn)
  File "C:\Users\eyyup\AppData\Local\Programs\Python\Python37\lib\site-packages\flask\ctx.py", line 150, in copy_current_request_context
    "This decorator can only be used at local scopes "
RuntimeError: This decorator can only be used at local scopes when a request context is on the stack.  For instance within view functions.
ERROR:werkzeug:Error on request:
Traceback (most recent call last):
  File "C:\Users\eyyup\AppData\Local\Programs\Python\Python37\lib\site-packages\werkzeug\serving.py", line 323, in run_wsgi
    execute(self.server.app)
  File "C:\Users\eyyup\AppData\Local\Programs\Python\Python37\lib\site-packages\werkzeug\serving.py", line 312, in execute
    application_iter = app(environ, start_response)
  File "C:\Users\eyyup\AppData\Local\Programs\Python\Python37\lib\site-packages\flask\app.py", line 2464, in __call__
    return self.wsgi_app(environ, start_response)
  File "C:\Users\eyyup\Desktop\kartaca-project\rest\DelayMiddleware.py", line 80, in __call__
    self.executor2.submit(logger,formatted)
  File "C:\Users\eyyup\AppData\Local\Programs\Python\Python37\lib\site-packages\flask_executor\executor.py", line 150, in submit
    fn = self._prepare_fn(fn)
  File "C:\Users\eyyup\AppData\Local\Programs\Python\Python37\lib\site-packages\flask_executor\executor.py", line 113, in _prepare_fn
    fn = copy_current_request_context(fn)
  File "C:\Users\eyyup\AppData\Local\Programs\Python\Python37\lib\site-packages\flask\ctx.py", line 150, in copy_current_request_context
    "This decorator can only be used at local scopes "
RuntimeError: This decorator can only be used at local scopes when a request context is on the stack.  For instance within view functions.
WARNING:kafka.client:Unable to send to wakeup socket!
INFO:restAPI:GET,2452,1616582275
INFO:restAPI:GET,2493,1616582625
INFO:restAPI:GET,2458,1616583052
ERROR:kafka.conn:DNS lookup failed for kafka:9093 (AddressFamily.AF_UNSPEC)
ERROR:kafka.conn:DNS lookup failed for kafka:9093 (AddressFamily.AF_UNSPEC)
